[2025-08-14 02:55:56] [INFO] Buscando ARN para a State Machine com nome exato: 'PedidoServiceSam-OrderE2ETest'...
[2025-08-14 02:55:57] [INFO] State Machine encontrada na AWS: PedidoServiceSam-OrderE2ETest (arn:aws:states:us-east-1:201383159504:stateMachine:PedidoServiceSam-OrderE2ETest)
[2025-08-14 02:56:01] [INFO] Executando testes em modo PARALELO.
[2025-08-14 02:56:01] [INFO] Executando cenário: ausência_do_campo_clienteid_deve_falhar_na_validaç
[2025-08-14 02:56:01] [INFO] Executando cenário: ausência_do_campo_enderecoentrega_deve_falhar_na_v
[2025-08-14 02:56:03] [INFO] ID da Execução do Teste: 5688f5a1-5f10-4d54-bc2f-3b4d44ca5670
[2025-08-14 02:56:03] [INFO] ARN da Execução SFN: arn:aws:states:us-east-1:201383159504:execution:PedidoServiceSam-OrderE2ETest:ausência-do-campo-clienteid-deve-falhar-na-validaç-5688f5a1-20250814025601
[2025-08-14 02:56:03] [INFO] Link para o console AWS: https://console.aws.amazon.com/states/home?#/executions/details/arn:aws:states:us-east-1:201383159504:execution:PedidoServiceSam-OrderE2ETest:ausência-do-campo-clienteid-deve-falhar-na-validaç-5688f5a1-20250814025601
[2025-08-14 02:56:03] [INFO] Aguardando a conclusão do teste 'ausência_do_campo_clienteid_deve_falhar_na_validaç'...
[2025-08-14 02:56:04] [INFO] ID da Execução do Teste: 65305ca1-8ac6-477e-9f1d-43d7dfad5918
[2025-08-14 02:56:04] [INFO] ARN da Execução SFN: arn:aws:states:us-east-1:201383159504:execution:PedidoServiceSam-OrderE2ETest:ausência-do-campo-enderecoentrega-deve-falhar-na-v-65305ca1-20250814025601
[2025-08-14 02:56:04] [INFO] Link para o console AWS: https://console.aws.amazon.com/states/home?#/executions/details/arn:aws:states:us-east-1:201383159504:execution:PedidoServiceSam-OrderE2ETest:ausência-do-campo-enderecoentrega-deve-falhar-na-v-65305ca1-20250814025601
[2025-08-14 02:56:04] [INFO] Aguardando a conclusão do teste 'ausência_do_campo_enderecoentrega_deve_falhar_na_v'...
[2025-08-14 02:56:06] [INFO] 
--- Resultados do Teste: ausência_do_campo_clienteid_deve_falhar_na_validaç ---
[2025-08-14 02:56:06] [INFO] Execução: arn:aws:states:us-east-1:201383159504:execution:PedidoServiceSam-OrderE2ETest:ausência-do-campo-clienteid-deve-falhar-na-validaç-5688f5a1-20250814025601
[2025-08-14 02:56:06] [INFO] Duração da Execução SFN: 0.38 segundos
[2025-08-14 02:56:06] [DEBUG] Output completo da SFN: {
  "description": "Aus\u00eancia do campo clienteId deve falhar na valida\u00e7\u00e3o (400)",
  "input": {
    "items": {
      "SKU-001": {
        "nome": "Produto A",
        "preco_unitario": 1000,
        "quantidade": 1
      }
    },
    "enderecoEntrega": "Rua G, 70",
    "paymentMethod": "CARTAO_DEBITO"
  },
  "expected": {
    "ExpectedErrorString": "States.Http.StatusCode.400"
  },
  "testRunId": "5688f5a1-5f10-4d54-bc2f-3b4d44ca5670",
  "apiResult": {
    "Error": "States.Http.StatusCode.400",
    "Cause": "Bad Request"
  }
}
[2025-08-14 02:56:06] [INFO] Status AWS: SUCCEEDED
[2025-08-14 02:56:06] [INFO] -----------------------------------------

[2025-08-14 02:56:07] [INFO] 
--- Resultados do Teste: ausência_do_campo_enderecoentrega_deve_falhar_na_v ---
[2025-08-14 02:56:07] [INFO] Execução: arn:aws:states:us-east-1:201383159504:execution:PedidoServiceSam-OrderE2ETest:ausência-do-campo-enderecoentrega-deve-falhar-na-v-65305ca1-20250814025601
[2025-08-14 02:56:07] [INFO] Duração da Execução SFN: 0.38 segundos
[2025-08-14 02:56:07] [DEBUG] Output completo da SFN: {
  "description": "Aus\u00eancia do campo enderecoEntrega deve falhar na valida\u00e7\u00e3o (400)",
  "input": {
    "items": {
      "SKU-001": {
        "nome": "Produto A",
        "preco_unitario": 1000,
        "quantidade": 1
      }
    },
    "clienteId": "1",
    "paymentMethod": "CARTAO_DEBITO"
  },
  "expected": {
    "ExpectedErrorString": "States.Http.StatusCode.400"
  },
  "testRunId": "65305ca1-8ac6-477e-9f1d-43d7dfad5918",
  "apiResult": {
    "Error": "States.Http.StatusCode.400",
    "Cause": "Bad Request"
  }
}
[2025-08-14 02:56:07] [INFO] Status AWS: SUCCEEDED
[2025-08-14 02:56:07] [INFO] -----------------------------------------

[2025-08-14 02:56:07] [INFO] 
--- Resumo Final da Execução ---
[2025-08-14 02:56:07] [INFO] Testes Passaram: 2
[2025-08-14 02:56:07] [INFO] Testes Falharam: 0
[2025-08-14 02:56:07] [INFO] Tempo Total de Execução (CLI): 6.38 segundos
[2025-08-14 02:56:07] [INFO] --------------------------

